<?xml version="1.0" encoding="UTF-8"?>
<!-- Generated by org.testng.reporters.JUnitReportReporter -->
<testsuite hostname="TYSS-Chandana" failures="0" tests="1" name="com.purplle.EndToEndTests.TC_Purplle_002" time="31.788" errors="0" timestamp="2022-12-28T18:36:03 IST" skipped="0">
  <testcase classname="com.purplle.EndToEndTests.TC_Purplle_002" name="addProductToThecartAndVerifyTheCartThroghIcon" time="31.788"/>
  <system-out/>
</testsuite> <!-- com.purplle.EndToEndTests.TC_Purplle_002 -->
