<?xml version="1.0" encoding="UTF-8"?>
<!-- Generated by org.testng.reporters.JUnitReportReporter -->
<testsuite hostname="TYSS-Chandana" failures="0" tests="1" name="com.purplle.EndToEndTests.TC_Purplle_002" time="17.253" errors="0" timestamp="2023-01-03T10:20:56 IST" skipped="0">
  <testcase classname="com.purplle.EndToEndTests.TC_Purplle_002" name="addProductToThecartAndVerifyTheCartThroghIcon" time="17.253"/>
  <system-out/>
</testsuite> <!-- com.purplle.EndToEndTests.TC_Purplle_002 -->
