<?xml version="1.0" encoding="UTF-8"?>
<!-- Generated by org.testng.reporters.JUnitReportReporter -->
<testsuite hostname="TYSS-Chandana" failures="0" tests="2" name="com.purplle.EndToEndTests.TC_Purplle_003" time="28.994" errors="0" timestamp="2023-01-03T11:38:08 IST" skipped="0">
  <testcase classname="com.purplle.EndToEndTests.TC_Purplle_003" name="addProductToCart_Test" time="17.117"/>
  <system-out/>
  <testcase classname="com.purplle.EndToEndTests.TC_Purplle_003" name="addProductToCart_Test" time="11.877"/>
  <system-out/>
</testsuite> <!-- com.purplle.EndToEndTests.TC_Purplle_003 -->
