<?xml version="1.0" encoding="UTF-8"?>
<!-- Generated by org.testng.reporters.JUnitReportReporter -->
<testsuite hostname="TYSS-Chandana" failures="0" tests="2" name="com.purplle.EndToEndTests.gvhg" time="0.017" errors="0" timestamp="2022-12-30T15:36:59 IST" skipped="0">
  <testcase classname="com.purplle.EndToEndTests.gvhg" name="jhs" time="0.002"/>
  <system-out/>
  <testcase classname="com.purplle.EndToEndTests.gvhg" name="jhs" time="0.015"/>
  <system-out/>
</testsuite> <!-- com.purplle.EndToEndTests.gvhg -->
